============================= test session starts =============================
platform win32 -- Python 3.11.9, pytest-9.0.2, pluggy-1.6.0 -- C:\Users\Lenovo\AppData\Local\Microsoft\WindowsApps\PythonSoftwareFoundation.Python.3.11_qbz5n2kfra8p0\python.exe
cachedir: .pytest_cache
hypothesis profile 'default'
rootdir: C:\Users\Lenovo\Desktop\VGBN\.vscode\CODEPTIT\polymarket_screener
plugins: anyio-4.12.1, hypothesis-6.151.9, langsmith-0.6.6, asyncio-1.3.0
asyncio: mode=Mode.STRICT, debug=False, asyncio_default_fixture_loop_scope=None, asyncio_default_test_loop_scope=function
collecting ... collected 8 items

tests/test_smoke.py::test_app_package_imports PASSED                     [ 12%]
tests/test_smoke.py::test_core_modules_import PASSED                     [ 25%]
tests/test_smoke.py::test_math_module_import PASSED                      [ 37%]
tests/test_smoke.py::test_utils_module_import PASSED                     [ 50%]
tests/test_smoke.py::test_execution_module_import PASSED                 [ 62%]
tests/test_smoke.py::test_config_yaml_parseable PASSED                   [ 75%]
tests/test_smoke.py::test_pydantic_models_instantiate PASSED             [ 87%]
tests/test_alpha_signals.py::test_alpha_filtering FAILED                 [100%]

================================== FAILURES ===================================
____________________________ test_alpha_filtering _____________________________
async def functions are not natively supported.
You need to install a suitable plugin for your async framework, for example:
  - anyio
  - pytest-asyncio
  - pytest-tornasync
  - pytest-trio
  - pytest-twisted
=========================== short test summary info ===========================
FAILED tests/test_alpha_signals.py::test_alpha_filtering - Failed: async def ...
========================= 1 failed, 7 passed in 1.75s =========================
