============================= test session starts =============================
platform win32 -- Python 3.11.9, pytest-9.0.2, pluggy-1.6.0 -- C:\Users\Lenovo\AppData\Local\Microsoft\WindowsApps\PythonSoftwareFoundation.Python.3.11_qbz5n2kfra8p0\python.exe
cachedir: .pytest_cache
rootdir: C:\Users\Lenovo\Desktop\VGBN\.vscode\CODEPTIT\polymarket_sim
plugins: anyio-4.12.0, langsmith-0.6.6
collecting ... collected 40 items / 7 errors

=================================== ERRORS ====================================
___________ ERROR collecting tests/integration/test_regress_dns.py ____________
ImportError while importing test module 'C:\Users\Lenovo\Desktop\VGBN\.vscode\CODEPTIT\polymarket_sim\tests\integration\test_regress_dns.py'.
Hint: make sure your test modules/packages have valid Python names.
Traceback:
C:\Program Files\WindowsApps\PythonSoftwareFoundation.Python.3.11_3.11.2544.0_x64__qbz5n2kfra8p0\Lib\importlib\__init__.py:126: in import_module
    return _bootstrap._gcd_import(name[level:], package, level)
           ^^^^^^^^^^^^^^^^^^^^^^^^^^^^^^^^^^^^^^^^^^^^^^^^^^^^
tests\integration\test_regress_dns.py:7: in <module>
    from polymarket_sim.core.dns import resolve_ip
E   ModuleNotFoundError: No module named 'polymarket_sim'
_________ ERROR collecting tests/integration/test_regress_ws_crash.py _________
ImportError while importing test module 'C:\Users\Lenovo\Desktop\VGBN\.vscode\CODEPTIT\polymarket_sim\tests\integration\test_regress_ws_crash.py'.
Hint: make sure your test modules/packages have valid Python names.
Traceback:
C:\Program Files\WindowsApps\PythonSoftwareFoundation.Python.3.11_3.11.2544.0_x64__qbz5n2kfra8p0\Lib\importlib\__init__.py:126: in import_module
    return _bootstrap._gcd_import(name[level:], package, level)
           ^^^^^^^^^^^^^^^^^^^^^^^^^^^^^^^^^^^^^^^^^^^^^^^^^^^^
tests\integration\test_regress_ws_crash.py:9: in <module>
    from polymarket_sim.data.ws_client import PolymarketWSClient
E   ModuleNotFoundError: No module named 'polymarket_sim'
____________ ERROR collecting tests/integration/test_settlement.py ____________
ImportError while importing test module 'C:\Users\Lenovo\Desktop\VGBN\.vscode\CODEPTIT\polymarket_sim\tests\integration\test_settlement.py'.
Hint: make sure your test modules/packages have valid Python names.
Traceback:
C:\Program Files\WindowsApps\PythonSoftwareFoundation.Python.3.11_3.11.2544.0_x64__qbz5n2kfra8p0\Lib\importlib\__init__.py:126: in import_module
    return _bootstrap._gcd_import(name[level:], package, level)
           ^^^^^^^^^^^^^^^^^^^^^^^^^^^^^^^^^^^^^^^^^^^^^^^^^^^^
tests\integration\test_settlement.py:3: in <module>
    from polymarket_sim.analysis.portfolio import Portfolio, Position, OrderSide
E   ModuleNotFoundError: No module named 'polymarket_sim'
______________ ERROR collecting tests/unit/test_exact_output.txt ______________
C:\Program Files\WindowsApps\PythonSoftwareFoundation.Python.3.11_3.11.2544.0_x64__qbz5n2kfra8p0\Lib\pathlib.py:1059: in read_text
    return f.read()
           ^^^^^^^^
<frozen codecs>:322: in decode
    ???
E   UnicodeDecodeError: 'utf-8' codec can't decode byte 0xff in position 0: invalid start byte
_____________ ERROR collecting tests/unit/test_simple_output.txt ______________
C:\Program Files\WindowsApps\PythonSoftwareFoundation.Python.3.11_3.11.2544.0_x64__qbz5n2kfra8p0\Lib\pathlib.py:1059: in read_text
    return f.read()
           ^^^^^^^^
<frozen codecs>:322: in decode
    ???
E   UnicodeDecodeError: 'utf-8' codec can't decode byte 0xff in position 0: invalid start byte
______________ ERROR collecting tests/unit/test_ws_ip_output.txt ______________
C:\Program Files\WindowsApps\PythonSoftwareFoundation.Python.3.11_3.11.2544.0_x64__qbz5n2kfra8p0\Lib\pathlib.py:1059: in read_text
    return f.read()
           ^^^^^^^^
<frozen codecs>:322: in decode
    ???
E   UnicodeDecodeError: 'utf-8' codec can't decode byte 0xff in position 0: invalid start byte
_______________ ERROR collecting tests/unit/test_ws_output.txt ________________
C:\Program Files\WindowsApps\PythonSoftwareFoundation.Python.3.11_3.11.2544.0_x64__qbz5n2kfra8p0\Lib\pathlib.py:1059: in read_text
    return f.read()
           ^^^^^^^^
<frozen codecs>:322: in decode
    ???
E   UnicodeDecodeError: 'utf-8' codec can't decode byte 0xff in position 0: invalid start byte
=========================== short test summary info ===========================
ERROR tests/integration/test_regress_dns.py
ERROR tests/integration/test_regress_ws_crash.py
ERROR tests/integration/test_settlement.py
ERROR tests/unit/test_exact_output.txt - UnicodeDecodeError: 'utf-8' codec ca...
ERROR tests/unit/test_simple_output.txt - UnicodeDecodeError: 'utf-8' codec c...
ERROR tests/unit/test_ws_ip_output.txt - UnicodeDecodeError: 'utf-8' codec ca...
ERROR tests/unit/test_ws_output.txt - UnicodeDecodeError: 'utf-8' codec can't...
!!!!!!!!!!!!!!!!!!! Interrupted: 7 errors during collection !!!!!!!!!!!!!!!!!!!
============================== 7 errors in 2.52s ==============================
